<?xml version="1.0" encoding="UTF-8"?>
<!-- Generated by org.testng.reporters.JUnitReportReporter -->
<testsuite hostname="BOOK-P0O1IG8UK3" failures="0" tests="1" name="com.qa.testCases.TestBanking" time="1.124" errors="0" timestamp="2023-03-06T23:12:18 EST" skipped="0">
  <testcase classname="com.qa.testCases.TestBanking" name="openBankSite" time="1.124"/>
  <system-out/>
</testsuite> <!-- com.qa.testCases.TestBanking -->
