<?xml version="1.0" encoding="UTF-8"?>
<!-- Generated by org.testng.reporters.JUnitReportReporter -->
<testsuite hostname="BOOK-P0O1IG8UK3" failures="0" tests="1" name="com.qa.pages.BaseClass" time="0.003" errors="1" timestamp="2023-03-06T20:07:25 EST" skipped="0">
  <testcase classname="com.qa.pages.BaseClass" name="setUp" time="0.003">
    <error message="Cannot invoke &quot;java.util.Properties.getProperty(String)&quot; because &quot;this.prop&quot; is null" type="java.lang.NullPointerException">
      <![CDATA[java.lang.NullPointerException: Cannot invoke "java.util.Properties.getProperty(String)" because "this.prop" is null
at com.qa.utilities.ConfigDataProvider.getBrowser(ConfigDataProvider.java:26)
at com.qa.pages.BaseClass.setUp(BaseClass.java:44)
at java.base/jdk.internal.reflect.DirectMethodHandleAccessor.invoke(DirectMethodHandleAccessor.java:104)
at java.base/java.lang.reflect.Method.invoke(Method.java:578)
at org.testng.internal.invokers.MethodInvocationHelper.invokeMethod(MethodInvocationHelper.java:139)
at org.testng.internal.invokers.MethodInvocationHelper.invokeMethodConsideringTimeout(MethodInvocationHelper.java:69)
at org.testng.internal.invokers.ConfigInvoker.invokeConfigurationMethod(ConfigInvoker.java:361)
at org.testng.internal.invokers.ConfigInvoker.invokeConfigurations(ConfigInvoker.java:296)
at org.testng.TestRunner.invokeTestConfigurations(TestRunner.java:644)
at org.testng.TestRunner.beforeRun(TestRunner.java:633)
at org.testng.TestRunner.run(TestRunner.java:595)
at org.testng.SuiteRunner.runTest(SuiteRunner.java:437)
at org.testng.SuiteRunner.runSequentially(SuiteRunner.java:431)
at org.testng.SuiteRunner.privateRun(SuiteRunner.java:391)
at org.testng.SuiteRunner.run(SuiteRunner.java:330)
at org.testng.SuiteRunnerWorker.runSuite(SuiteRunnerWorker.java:52)
at org.testng.SuiteRunnerWorker.run(SuiteRunnerWorker.java:95)
at org.testng.TestNG.runSuitesSequentially(TestNG.java:1256)
at org.testng.TestNG.runSuitesLocally(TestNG.java:1176)
at org.testng.TestNG.runSuites(TestNG.java:1099)
at org.testng.TestNG.run(TestNG.java:1067)
at org.testng.remote.AbstractRemoteTestNG.run(AbstractRemoteTestNG.java:115)
at org.testng.remote.RemoteTestNG.initAndRun(RemoteTestNG.java:251)
at org.testng.remote.RemoteTestNG.main(RemoteTestNG.java:77)
]]>
    </error>
  </testcase> <!-- setUp -->
  <system-out/>
</testsuite> <!-- com.qa.pages.BaseClass -->
